<?xml version="1.0" encoding="UTF-8"?>
<testng-results ignored="0" total="1" passed="1" failed="0" skipped="0">
  <reporter-output>
  </reporter-output>
  <suite started-at="2024-05-13T09:45:02Z" name="Default suite" finished-at="2024-05-13T09:45:54Z" duration-ms="52110">
    <groups>
    </groups>
    <test started-at="2024-05-13T09:45:02Z" name="Default test" finished-at="2024-05-13T09:45:54Z" duration-ms="52110">
      <class name="vtiger.opportunity_module.ToCreateAOpportunityTest">
        <test-method is-config="true" signature="bs()[pri:0, instance:vtiger.opportunity_module.ToCreateAOpportunityTest@3f4faf53]" started-at="2024-05-13T09:45:02Z" name="bs" finished-at="2024-05-13T09:45:02Z" duration-ms="21" status="PASS">
          <reporter-output>
          </reporter-output>
        </test-method> <!-- bs -->
        <test-method is-config="true" signature="bc()[pri:0, instance:vtiger.opportunity_module.ToCreateAOpportunityTest@3f4faf53]" started-at="2024-05-13T09:45:02Z" name="bc" finished-at="2024-05-13T09:45:06Z" duration-ms="4277" status="PASS">
          <reporter-output>
          </reporter-output>
        </test-method> <!-- bc -->
        <test-method is-config="true" signature="bm()[pri:0, instance:vtiger.opportunity_module.ToCreateAOpportunityTest@3f4faf53]" started-at="2024-05-13T09:45:06Z" name="bm" finished-at="2024-05-13T09:45:10Z" duration-ms="4481" status="PASS">
          <reporter-output>
          </reporter-output>
        </test-method> <!-- bm -->
        <test-method signature="createOpportunityAndVerifyOpportunity()[pri:0, instance:vtiger.opportunity_module.ToCreateAOpportunityTest@3f4faf53]" started-at="2024-05-13T09:45:10Z" name="createOpportunityAndVerifyOpportunity" finished-at="2024-05-13T09:45:50Z" duration-ms="39307" status="PASS">
          <reporter-output>
          </reporter-output>
        </test-method> <!-- createOpportunityAndVerifyOpportunity -->
        <test-method is-config="true" signature="am()[pri:0, instance:vtiger.opportunity_module.ToCreateAOpportunityTest@3f4faf53]" started-at="2024-05-13T09:45:50Z" name="am" finished-at="2024-05-13T09:45:52Z" duration-ms="2068" status="PASS">
          <reporter-output>
          </reporter-output>
        </test-method> <!-- am -->
        <test-method is-config="true" signature="ac()[pri:0, instance:vtiger.opportunity_module.ToCreateAOpportunityTest@3f4faf53]" started-at="2024-05-13T09:45:52Z" name="ac" finished-at="2024-05-13T09:45:54Z" duration-ms="1929" status="PASS">
          <reporter-output>
          </reporter-output>
        </test-method> <!-- ac -->
        <test-method is-config="true" signature="as()[pri:0, instance:vtiger.opportunity_module.ToCreateAOpportunityTest@3f4faf53]" started-at="2024-05-13T09:45:54Z" name="as" finished-at="2024-05-13T09:45:54Z" duration-ms="0" status="FAIL">
          <exception class="java.lang.NullPointerException">
            <message>
              <![CDATA[Cannot invoke "java.sql.Connection.close()" because "this.connection" is null]]>
            </message>
            <full-stacktrace>
              <![CDATA[java.lang.NullPointerException: Cannot invoke "java.sql.Connection.close()" because "this.connection" is null
at vtiger.genericUtility.BaseClass.as(BaseClass.java:91)
at java.base/jdk.internal.reflect.DirectMethodHandleAccessor.invoke(DirectMethodHandleAccessor.java:103)
at java.base/java.lang.reflect.Method.invoke(Method.java:580)
at org.testng.internal.MethodInvocationHelper.invokeMethod(MethodInvocationHelper.java:124)
at org.testng.internal.MethodInvocationHelper.invokeMethodConsideringTimeout(MethodInvocationHelper.java:59)
at org.testng.internal.Invoker.invokeConfigurationMethod(Invoker.java:458)
at org.testng.internal.Invoker.invokeConfigurations(Invoker.java:222)
at org.testng.internal.Invoker.invokeConfigurations(Invoker.java:142)
at org.testng.SuiteRunner.privateRun(SuiteRunner.java:425)
at org.testng.SuiteRunner.run(SuiteRunner.java:364)
at org.testng.SuiteRunnerWorker.runSuite(SuiteRunnerWorker.java:52)
at org.testng.SuiteRunnerWorker.run(SuiteRunnerWorker.java:84)
at org.testng.TestNG.runSuitesSequentially(TestNG.java:1208)
at org.testng.TestNG.runSuitesLocally(TestNG.java:1137)
at org.testng.TestNG.runSuites(TestNG.java:1049)
at org.testng.TestNG.run(TestNG.java:1017)
at org.testng.remote.AbstractRemoteTestNG.run(AbstractRemoteTestNG.java:115)
at org.testng.remote.RemoteTestNG.initAndRun(RemoteTestNG.java:251)
at org.testng.remote.RemoteTestNG.main(RemoteTestNG.java:77)
]]>
            </full-stacktrace>
          </exception> <!-- java.lang.NullPointerException -->
          <reporter-output>
          </reporter-output>
        </test-method> <!-- as -->
      </class> <!-- vtiger.opportunity_module.ToCreateAOpportunityTest -->
    </test> <!-- Default test -->
  </suite> <!-- Default suite -->
</testng-results>
