<?xml version="1.0" encoding="UTF-8"?>
<testng-results ignored="3" total="4" passed="1" failed="0" skipped="0">
  <reporter-output>
  </reporter-output>
  <suite started-at="2024-05-27T07:09:34Z" name="Suite" finished-at="2024-05-27T07:10:24Z" duration-ms="49815">
    <groups>
      <group name="smoke">
        <method signature="ToCreateALeadTest.toCreateALeadAndVerifyTheLeadInformationTest()[pri:0, instance:vtiger.leads_module.ToCreateALeadTest@5524cca1]" name="toCreateALeadAndVerifyTheLeadInformationTest" class="vtiger.leads_module.ToCreateALeadTest"/>
      </group> <!-- smoke -->
    </groups>
    <test started-at="2024-05-27T07:09:34Z" name="Test" finished-at="2024-05-27T07:10:24Z" duration-ms="49815">
      <class name="vtiger.leads_module.ToCreateALeadTest">
        <test-method is-config="true" signature="bc()[pri:0, instance:vtiger.leads_module.ToCreateALeadTest@5524cca1]" started-at="2024-05-27T07:09:34Z" name="bc" finished-at="2024-05-27T07:10:13Z" duration-ms="39236" status="PASS">
          <reporter-output>
          </reporter-output>
        </test-method> <!-- bc -->
        <test-method is-config="true" signature="bm()[pri:0, instance:vtiger.leads_module.ToCreateALeadTest@5524cca1]" started-at="2024-05-27T07:10:13Z" name="bm" finished-at="2024-05-27T07:10:15Z" duration-ms="1913" status="PASS">
          <reporter-output>
          </reporter-output>
        </test-method> <!-- bm -->
        <test-method signature="toCreateALeadAndVerifyTheLeadInformationTest()[pri:0, instance:vtiger.leads_module.ToCreateALeadTest@5524cca1]" started-at="2024-05-27T07:10:15Z" name="toCreateALeadAndVerifyTheLeadInformationTest" finished-at="2024-05-27T07:10:22Z" duration-ms="7072" status="PASS">
          <reporter-output>
          </reporter-output>
        </test-method> <!-- toCreateALeadAndVerifyTheLeadInformationTest -->
        <test-method is-config="true" signature="am()[pri:0, instance:vtiger.leads_module.ToCreateALeadTest@5524cca1]" started-at="2024-05-27T07:10:22Z" name="am" finished-at="2024-05-27T07:10:24Z" duration-ms="1228" status="PASS">
          <reporter-output>
          </reporter-output>
        </test-method> <!-- am -->
        <test-method is-config="true" signature="ac()[pri:0, instance:vtiger.leads_module.ToCreateALeadTest@5524cca1]" started-at="2024-05-27T07:10:24Z" name="ac" finished-at="2024-05-27T07:10:24Z" duration-ms="153" status="PASS">
          <reporter-output>
          </reporter-output>
        </test-method> <!-- ac -->
      </class> <!-- vtiger.leads_module.ToCreateALeadTest -->
      <class name="vtiger.opportunity_module.ToCreateAOpportunityTest">
        <test-method is-config="true" signature="bs()[pri:0, instance:vtiger.opportunity_module.ToCreateAOpportunityTest@1a75e76a]" started-at="2024-05-27T07:09:34Z" name="bs" finished-at="2024-05-27T07:09:34Z" duration-ms="10" status="PASS">
          <reporter-output>
          </reporter-output>
        </test-method> <!-- bs -->
        <test-method is-config="true" signature="as()[pri:0, instance:vtiger.opportunity_module.ToCreateAOpportunityTest@1a75e76a]" started-at="2024-05-27T07:10:24Z" name="as" finished-at="2024-05-27T07:10:24Z" duration-ms="0" status="PASS">
          <reporter-output>
          </reporter-output>
        </test-method> <!-- as -->
      </class> <!-- vtiger.opportunity_module.ToCreateAOpportunityTest -->
    </test> <!-- Test -->
  </suite> <!-- Suite -->
</testng-results>
