<?xml version="1.0" encoding="UTF-8"?>
<!-- Generated by org.testng.reporters.JUnitXMLReporter -->
<testsuite ignored="3" hostname="Rikki" failures="0" tests="1" name="Test" time="49.815" errors="0" timestamp="27 May 2024 07:10:24 GMT">
  <testcase classname="vtiger.leads_module.ToCreateALeadTest" name="toCreateALeadAndVerifyTheLeadInformationTest" time="7.072"/>
  <testcase classname="vtiger.opportunity_module.ToCreateAOpportunityTest" name="createOpportunityAndVerifyOpportunity" time="0.0">
    <ignored/>
  </testcase> <!-- createOpportunityAndVerifyOpportunity -->
  <testcase classname="vtiger.genericUtility.BaseClass" name="@AfterSuite as" time="0.0">
    <ignored/>
  </testcase> <!-- @AfterSuite as -->
  <testcase classname="vtiger.genericUtility.BaseClass" name="@BeforeSuite bs" time="0.0">
    <ignored/>
  </testcase> <!-- @BeforeSuite bs -->
</testsuite> <!-- Test -->
